


ARM Macro Assembler    Page 1 


    1 00000000         ;****************** main.s ***************
    2 00000000         ; Program written by: ***Your Names**update this***
    3 00000000         ; Date Created: 2/4/2017
    4 00000000         ; Last Modified: 8/24/2018
    5 00000000         ; Brief description of the program
    6 00000000         ;   The LED toggles at 2 Hz and a varying duty-cycle
    7 00000000         ; Hardware connections (External: One button and one LED
                       )
    8 00000000         ;  PE2 is Button input  (1 means pressed, 0 means not pr
                       essed)
    9 00000000         ;  PE3 is LED output (1 activates external LED on protob
                       oard)
   10 00000000         ;  PF4 is builtin button SW1 on Launchpad (Internal) 
   11 00000000         ;        Negative Logic (0 means pressed, 1 means not pr
                       essed)
   12 00000000         ; Overall functionality of this system is to operate lik
                       e this
   13 00000000         ;   1) Make PE3 an output and make PE2 and PF4 inputs.
   14 00000000         ;   2) The system starts with the the LED toggling at 2H
                       z,
   15 00000000         ;      which is 2 times per second with a duty-cycle of 
                       30%.
   16 00000000         ;      Therefore, the LED is ON for 150ms and off for 35
                       0 ms.
   17 00000000         ;   3) When the button (PE1) is pressed-and-released inc
                       rease
   18 00000000         ;      the duty cycle by 20% (modulo 100%). Therefore fo
                       r each
   19 00000000         ;      press-and-release the duty cycle changes from 30%
                        to 70% to 70%
   20 00000000         ;      to 90% to 10% to 30% so on
   21 00000000         ;   4) Implement a "breathing LED" when SW1 (PF4) on the
                        Launchpad is pressed:
   22 00000000         ;      a) Be creative and play around with what "breathi
                       ng" means.
   23 00000000         ;         An example of "breathing" is most computers po
                       wer LED in sleep mode
   24 00000000         ;         (e.g., https://www.youtube.com/watch?v=ZT6siXy
                       IjvQ).
   25 00000000         ;      b) When (PF4) is released while in breathing mode
                       , resume blinking at 2Hz.
   26 00000000         ;         The duty cycle can either match the most recen
                       t duty-
   27 00000000         ;         cycle or reset to 30%.
   28 00000000         ;      TIP: debugging the breathing LED algorithm using 
                       the real board.
   29 00000000         ; PortE device registers
   30 00000000 400243FC 
                       GPIO_PORTE_DATA_R
                               EQU              0x400243FC
   31 00000000 40024400 
                       GPIO_PORTE_DIR_R
                               EQU              0x40024400
   32 00000000 40024420 
                       GPIO_PORTE_AFSEL_R
                               EQU              0x40024420
   33 00000000 4002451C 
                       GPIO_PORTE_DEN_R
                               EQU              0x4002451C



ARM Macro Assembler    Page 2 


   34 00000000         ; PortF device registers
   35 00000000 400253FC 
                       GPIO_PORTF_DATA_R
                               EQU              0x400253FC
   36 00000000 40025400 
                       GPIO_PORTF_DIR_R
                               EQU              0x40025400
   37 00000000 40025420 
                       GPIO_PORTF_AFSEL_R
                               EQU              0x40025420
   38 00000000 40025510 
                       GPIO_PORTF_PUR_R
                               EQU              0x40025510
   39 00000000 4002551C 
                       GPIO_PORTF_DEN_R
                               EQU              0x4002551C
   40 00000000 40025520 
                       GPIO_PORTF_LOCK_R
                               EQU              0x40025520
   41 00000000 40025524 
                       GPIO_PORTF_CR_R
                               EQU              0x40025524
   42 00000000 4C4F434B 
                       GPIO_LOCK_KEY
                               EQU              0x4C4F434B  ; Unlocks the GPIO_
                                                            CR register
   43 00000000 400FE608 
                       SYSCTL_RCGCGPIO_R
                               EQU              0x400FE608
   44 00000000         
   45 00000000                 IMPORT           TExaS_Init
   46 00000000                 THUMB
   47 00000000                 AREA             DATA, ALIGN=2
   48 00000000         ;global variables go here
   49 00000000         
   50 00000000         
   51 00000000                 AREA             |.text|, CODE, READONLY, ALIGN=
2
   52 00000000                 THUMB
   53 00000000                 EXPORT           Start
   54 00000000         Start
   55 00000000         ; TExaS_Init sets bus clock at 80 MHz
   56 00000000 F7FF FFFE       BL               TExaS_Init  ; voltmeter, scope 
                                                            on PD3
   57 00000004         ; Initialization goes here
   58 00000004         
   59 00000004 4910            LDR              R1, =SYSCTL_RCGCGPIO_R ;clock
   60 00000006 6808            LDR              R0, [R1]
   61 00000008 F040 0030       ORR              R0, R0, #0x30 ;setting bit 4 fo
                                                            r port E
   62 0000000C 6008            STR              R0, [R1]    ;storing to clock
   63 0000000E BF00            NOP                          ;delay for clock
   64 00000010 BF00            NOP
   65 00000012 490E            LDR              R1, =GPIO_PORTE_DIR_R
   66 00000014 F020 000C       BIC              R0, #0X0C
   67 00000018 F040 0008       ORR              R0, #0X08   ;0 input 1 output p
                                                            e3 output 
   68 0000001C 6008            STR              R0, [R1]
   69 0000001E         



ARM Macro Assembler    Page 3 


   70 0000001E 490C            LDR              R1, =GPIO_PORTE_DEN_R
   71 00000020 F020 000C       BIC              R0, #0x0C
   72 00000024 F040 000C       ORR              R0, #0X0C
   73 00000028 6008            STR              R0, [R1]
   74 0000002A         
   75 0000002A B662            CPSIE            I           ; TExaS voltmeter, 
                                                            scope runs on inter
                                                            rupts
   76 0000002C         loop
   77 0000002C         ; main engine goes here
   78 0000002C F04F 00FA       MOV              R0, #250    ;First argument for
                                                             delay function, # 
                                                            of ms
   79 00000030 F000 F806       BL               Delay
   80 00000034         
   81 00000034 4807            LDR              R0, =GPIO_PORTE_DATA_R 
                                                            ;Toggle LED at PE3
   82 00000036 6801            LDR              R1, [R0]
   83 00000038 F081 0108       EOR              R1, #0x08
   84 0000003C 6001            STR              R1, [R0]
   85 0000003E         
   86 0000003E E7F5            B                loop
   87 00000040         
   88 00000040         Delay
   89 00000040 1E40    wait    SUBS             R0, R0, #1
   90 00000042 D1FD            BNE              wait
   91 00000044 4770            BX               LR
   92 00000046         
   93 00000046 00 00           ALIGN                        ; make sure the end
                                                             of this section is
                                                             aligned
   94 00000048                 END                          ; end of file
              400FE608 
              40024400 
              4002451C 
              400243FC 
Command Line: --debug --xref --diag_suppress=9931 --cpu=Cortex-M4 --apcs=interw
ork --depend=.\main.d -o.\main.o -I.\RTE\_Lab3 -IC:\Keil_v5\ARM\PACK\ARM\CMSIS\
5.3.0\CMSIS\Include -IC:\Keil_v5\ARM\PACK\Keil\TM4C_DFP\1.1.0\Device\Include\TM
4C123 --predefine="__EVAL SETA 1" --predefine="__UVISION_VERSION SETA 525" --pr
edefine="_RTE_ SETA 1" --predefine="TM4C123GH6PM SETA 1" --list=.\main.lst main
.s



ARM Macro Assembler    Page 1 Alphabetic symbol ordering
Relocatable symbols

DATA 00000000

Symbol: DATA
   Definitions
      At line 47 in file main.s
   Uses
      None
Comment: DATA unused
1 symbol



ARM Macro Assembler    Page 1 Alphabetic symbol ordering
Relocatable symbols

.text 00000000

Symbol: .text
   Definitions
      At line 51 in file main.s
   Uses
      None
Comment: .text unused
Delay 00000040

Symbol: Delay
   Definitions
      At line 88 in file main.s
   Uses
      At line 79 in file main.s
Comment: Delay used once
Start 00000000

Symbol: Start
   Definitions
      At line 54 in file main.s
   Uses
      At line 53 in file main.s
Comment: Start used once
loop 0000002C

Symbol: loop
   Definitions
      At line 76 in file main.s
   Uses
      At line 86 in file main.s
Comment: loop used once
wait 00000040

Symbol: wait
   Definitions
      At line 89 in file main.s
   Uses
      At line 90 in file main.s
Comment: wait used once
5 symbols



ARM Macro Assembler    Page 1 Alphabetic symbol ordering
Absolute symbols

GPIO_LOCK_KEY 4C4F434B

Symbol: GPIO_LOCK_KEY
   Definitions
      At line 42 in file main.s
   Uses
      None
Comment: GPIO_LOCK_KEY unused
GPIO_PORTE_AFSEL_R 40024420

Symbol: GPIO_PORTE_AFSEL_R
   Definitions
      At line 32 in file main.s
   Uses
      None
Comment: GPIO_PORTE_AFSEL_R unused
GPIO_PORTE_DATA_R 400243FC

Symbol: GPIO_PORTE_DATA_R
   Definitions
      At line 30 in file main.s
   Uses
      At line 81 in file main.s
Comment: GPIO_PORTE_DATA_R used once
GPIO_PORTE_DEN_R 4002451C

Symbol: GPIO_PORTE_DEN_R
   Definitions
      At line 33 in file main.s
   Uses
      At line 70 in file main.s
Comment: GPIO_PORTE_DEN_R used once
GPIO_PORTE_DIR_R 40024400

Symbol: GPIO_PORTE_DIR_R
   Definitions
      At line 31 in file main.s
   Uses
      At line 65 in file main.s
Comment: GPIO_PORTE_DIR_R used once
GPIO_PORTF_AFSEL_R 40025420

Symbol: GPIO_PORTF_AFSEL_R
   Definitions
      At line 37 in file main.s
   Uses
      None
Comment: GPIO_PORTF_AFSEL_R unused
GPIO_PORTF_CR_R 40025524

Symbol: GPIO_PORTF_CR_R
   Definitions
      At line 41 in file main.s
   Uses
      None
Comment: GPIO_PORTF_CR_R unused
GPIO_PORTF_DATA_R 400253FC

Symbol: GPIO_PORTF_DATA_R



ARM Macro Assembler    Page 2 Alphabetic symbol ordering
Absolute symbols

   Definitions
      At line 35 in file main.s
   Uses
      None
Comment: GPIO_PORTF_DATA_R unused
GPIO_PORTF_DEN_R 4002551C

Symbol: GPIO_PORTF_DEN_R
   Definitions
      At line 39 in file main.s
   Uses
      None
Comment: GPIO_PORTF_DEN_R unused
GPIO_PORTF_DIR_R 40025400

Symbol: GPIO_PORTF_DIR_R
   Definitions
      At line 36 in file main.s
   Uses
      None
Comment: GPIO_PORTF_DIR_R unused
GPIO_PORTF_LOCK_R 40025520

Symbol: GPIO_PORTF_LOCK_R
   Definitions
      At line 40 in file main.s
   Uses
      None
Comment: GPIO_PORTF_LOCK_R unused
GPIO_PORTF_PUR_R 40025510

Symbol: GPIO_PORTF_PUR_R
   Definitions
      At line 38 in file main.s
   Uses
      None
Comment: GPIO_PORTF_PUR_R unused
SYSCTL_RCGCGPIO_R 400FE608

Symbol: SYSCTL_RCGCGPIO_R
   Definitions
      At line 43 in file main.s
   Uses
      At line 59 in file main.s
Comment: SYSCTL_RCGCGPIO_R used once
13 symbols



ARM Macro Assembler    Page 1 Alphabetic symbol ordering
External symbols

TExaS_Init 00000000

Symbol: TExaS_Init
   Definitions
      At line 45 in file main.s
   Uses
      At line 56 in file main.s
Comment: TExaS_Init used once
1 symbol
356 symbols in table
